<?xml version="1.0" encoding="UTF-8"?>
<!-- Generated by org.testng.reporters.JUnitReportReporter -->
<testsuite hostname="IBM588-PC09G5AD" name="Testng.NewTest" tests="1" failures="0" timestamp="23 May 2019 07:36:36 GMT" time="1.940" errors="0">
  <testcase name="sutest" time="1.940" classname="Testng.NewTest"/>
</testsuite> <!-- Testng.NewTest -->
